/!\ FAILSAFE /!\  Sat Jan 30 00:56:50 -0300 2010
  Status: 500 Internal Server Error
  Access denied for user 'root'@'localhost' (using password: NO)
    /home/targino/desenvolvimento/rails/petshop/petshop/vendor/rails/activerecord/lib/active_record/connection_adapters/mysql_adapter.rb:585:in `real_connect'
    /home/targino/desenvolvimento/rails/petshop/petshop/vendor/rails/activerecord/lib/active_record/connection_adapters/mysql_adapter.rb:585:in `connect'
    /home/targino/desenvolvimento/rails/petshop/petshop/vendor/rails/activerecord/lib/active_record/connection_adapters/mysql_adapter.rb:199:in `initialize'
    /home/targino/desenvolvimento/rails/petshop/petshop/vendor/rails/activerecord/lib/active_record/connection_adapters/mysql_adapter.rb:71:in `new'
    /home/targino/desenvolvimento/rails/petshop/petshop/vendor/rails/activerecord/lib/active_record/connection_adapters/mysql_adapter.rb:71:in `mysql_connection'
    /home/targino/desenvolvimento/rails/petshop/petshop/vendor/rails/activerecord/lib/active_record/connection_adapters/abstract/connection_pool.rb:223:in `send'
    /home/targino/desenvolvimento/rails/petshop/petshop/vendor/rails/activerecord/lib/active_record/connection_adapters/abstract/connection_pool.rb:223:in `new_connection'
    /home/targino/desenvolvimento/rails/petshop/petshop/vendor/rails/activerecord/lib/active_record/connection_adapters/abstract/connection_pool.rb:245:in `checkout_new_connection'
    /home/targino/desenvolvimento/rails/petshop/petshop/vendor/rails/activerecord/lib/active_record/connection_adapters/abstract/connection_pool.rb:188:in `checkout'
    /home/targino/desenvolvimento/rails/petshop/petshop/vendor/rails/activerecord/lib/active_record/connection_adapters/abstract/connection_pool.rb:184:in `loop'
    /home/targino/desenvolvimento/rails/petshop/petshop/vendor/rails/activerecord/lib/active_record/connection_adapters/abstract/connection_pool.rb:184:in `checkout'
    /usr/lib/ruby/1.8/monitor.rb:242:in `synchronize'
    /home/targino/desenvolvimento/rails/petshop/petshop/vendor/rails/activerecord/lib/active_record/connection_adapters/abstract/connection_pool.rb:183:in `checkout'
    /home/targino/desenvolvimento/rails/petshop/petshop/vendor/rails/activerecord/lib/active_record/connection_adapters/abstract/connection_pool.rb:98:in `connection'
    /home/targino/desenvolvimento/rails/petshop/petshop/vendor/rails/activerecord/lib/active_record/connection_adapters/abstract/connection_pool.rb:326:in `retrieve_connection'
    /home/targino/desenvolvimento/rails/petshop/petshop/vendor/rails/activerecord/lib/active_record/connection_adapters/abstract/connection_specification.rb:123:in `retrieve_connection'
    /home/targino/desenvolvimento/rails/petshop/petshop/vendor/rails/activerecord/lib/active_record/connection_adapters/abstract/connection_specification.rb:115:in `connection'
    /home/targino/desenvolvimento/rails/petshop/petshop/vendor/rails/activerecord/lib/active_record/query_cache.rb:9:in `cache'
    /home/targino/desenvolvimento/rails/petshop/petshop/vendor/rails/activerecord/lib/active_record/query_cache.rb:28:in `call'
    /home/targino/desenvolvimento/rails/petshop/petshop/vendor/rails/activerecord/lib/active_record/connection_adapters/abstract/connection_pool.rb:361:in `call'
    /home/targino/.gem/ruby/1.8/gems/rack-1.0.1/lib/rack/head.rb:9:in `call'
    /home/targino/.gem/ruby/1.8/gems/rack-1.0.1/lib/rack/methodoverride.rb:24:in `call'
    /home/targino/desenvolvimento/rails/petshop/petshop/vendor/rails/actionpack/lib/action_controller/params_parser.rb:15:in `call'
    /home/targino/desenvolvimento/rails/petshop/petshop/vendor/rails/actionpack/lib/action_controller/session/cookie_store.rb:93:in `call'
    /home/targino/desenvolvimento/rails/petshop/petshop/vendor/rails/actionpack/lib/action_controller/failsafe.rb:26:in `call'
    /home/targino/.gem/ruby/1.8/gems/rack-1.0.1/lib/rack/lock.rb:11:in `call'
    /home/targino/.gem/ruby/1.8/gems/rack-1.0.1/lib/rack/lock.rb:11:in `synchronize'
    /home/targino/.gem/ruby/1.8/gems/rack-1.0.1/lib/rack/lock.rb:11:in `call'
    /home/targino/desenvolvimento/rails/petshop/petshop/vendor/rails/actionpack/lib/action_controller/dispatcher.rb:114:in `call'
    /home/targino/desenvolvimento/rails/petshop/petshop/vendor/rails/actionpack/lib/action_controller/reloader.rb:34:in `run'
    /home/targino/desenvolvimento/rails/petshop/petshop/vendor/rails/actionpack/lib/action_controller/dispatcher.rb:108:in `call'
    /home/targino/desenvolvimento/rails/petshop/petshop/vendor/rails/railties/lib/rails/rack/static.rb:31:in `call'
    /home/targino/.gem/ruby/1.8/gems/rack-1.0.1/lib/rack/urlmap.rb:46:in `call'
    /home/targino/.gem/ruby/1.8/gems/rack-1.0.1/lib/rack/urlmap.rb:40:in `each'
    /home/targino/.gem/ruby/1.8/gems/rack-1.0.1/lib/rack/urlmap.rb:40:in `call'
    /home/targino/desenvolvimento/rails/petshop/petshop/vendor/rails/railties/lib/rails/rack/log_tailer.rb:17:in `call'
    /home/targino/.gem/ruby/1.8/gems/rack-1.0.1/lib/rack/content_length.rb:13:in `call'
    /home/targino/.gem/ruby/1.8/gems/rack-1.0.1/lib/rack/chunked.rb:15:in `call'
    /home/targino/.gem/ruby/1.8/gems/rack-1.0.1/lib/rack/handler/mongrel.rb:64:in `process'
    /usr/lib/ruby/gems/1.8/gems/mongrel-1.1.5/lib/mongrel.rb:159:in `process_client'
    /usr/lib/ruby/gems/1.8/gems/mongrel-1.1.5/lib/mongrel.rb:158:in `each'
    /usr/lib/ruby/gems/1.8/gems/mongrel-1.1.5/lib/mongrel.rb:158:in `process_client'
    /usr/lib/ruby/gems/1.8/gems/mongrel-1.1.5/lib/mongrel.rb:285:in `run'
    /usr/lib/ruby/gems/1.8/gems/mongrel-1.1.5/lib/mongrel.rb:285:in `initialize'
    /usr/lib/ruby/gems/1.8/gems/mongrel-1.1.5/lib/mongrel.rb:285:in `new'
    /usr/lib/ruby/gems/1.8/gems/mongrel-1.1.5/lib/mongrel.rb:285:in `run'
    /usr/lib/ruby/gems/1.8/gems/mongrel-1.1.5/lib/mongrel.rb:268:in `initialize'
    /usr/lib/ruby/gems/1.8/gems/mongrel-1.1.5/lib/mongrel.rb:268:in `new'
    /usr/lib/ruby/gems/1.8/gems/mongrel-1.1.5/lib/mongrel.rb:268:in `run'
    /home/targino/.gem/ruby/1.8/gems/rack-1.0.1/lib/rack/handler/mongrel.rb:34:in `run'
    /home/targino/desenvolvimento/rails/petshop/petshop/vendor/rails/railties/lib/commands/server.rb:111
    /usr/local/lib/site_ruby/1.8/rubygems/custom_require.rb:31:in `gem_original_require'
    /usr/local/lib/site_ruby/1.8/rubygems/custom_require.rb:31:in `require'
    script/server:3
/!\ FAILSAFE /!\  Sat Jan 30 01:02:17 -0300 2010
  Status: 500 Internal Server Error
  Access denied for user 'root'@'localhost' (using password: NO)
    /home/targino/desenvolvimento/rails/petshop/petshop/vendor/rails/activerecord/lib/active_record/connection_adapters/mysql_adapter.rb:585:in `real_connect'
    /home/targino/desenvolvimento/rails/petshop/petshop/vendor/rails/activerecord/lib/active_record/connection_adapters/mysql_adapter.rb:585:in `connect'
    /home/targino/desenvolvimento/rails/petshop/petshop/vendor/rails/activerecord/lib/active_record/connection_adapters/mysql_adapter.rb:199:in `initialize'
    /home/targino/desenvolvimento/rails/petshop/petshop/vendor/rails/activerecord/lib/active_record/connection_adapters/mysql_adapter.rb:71:in `new'
    /home/targino/desenvolvimento/rails/petshop/petshop/vendor/rails/activerecord/lib/active_record/connection_adapters/mysql_adapter.rb:71:in `mysql_connection'
    /home/targino/desenvolvimento/rails/petshop/petshop/vendor/rails/activerecord/lib/active_record/connection_adapters/abstract/connection_pool.rb:223:in `send'
    /home/targino/desenvolvimento/rails/petshop/petshop/vendor/rails/activerecord/lib/active_record/connection_adapters/abstract/connection_pool.rb:223:in `new_connection'
    /home/targino/desenvolvimento/rails/petshop/petshop/vendor/rails/activerecord/lib/active_record/connection_adapters/abstract/connection_pool.rb:245:in `checkout_new_connection'
    /home/targino/desenvolvimento/rails/petshop/petshop/vendor/rails/activerecord/lib/active_record/connection_adapters/abstract/connection_pool.rb:188:in `checkout'
    /home/targino/desenvolvimento/rails/petshop/petshop/vendor/rails/activerecord/lib/active_record/connection_adapters/abstract/connection_pool.rb:184:in `loop'
    /home/targino/desenvolvimento/rails/petshop/petshop/vendor/rails/activerecord/lib/active_record/connection_adapters/abstract/connection_pool.rb:184:in `checkout'
    /usr/lib/ruby/1.8/monitor.rb:242:in `synchronize'
    /home/targino/desenvolvimento/rails/petshop/petshop/vendor/rails/activerecord/lib/active_record/connection_adapters/abstract/connection_pool.rb:183:in `checkout'
    /home/targino/desenvolvimento/rails/petshop/petshop/vendor/rails/activerecord/lib/active_record/connection_adapters/abstract/connection_pool.rb:98:in `connection'
    /home/targino/desenvolvimento/rails/petshop/petshop/vendor/rails/activerecord/lib/active_record/connection_adapters/abstract/connection_pool.rb:326:in `retrieve_connection'
    /home/targino/desenvolvimento/rails/petshop/petshop/vendor/rails/activerecord/lib/active_record/connection_adapters/abstract/connection_specification.rb:123:in `retrieve_connection'
    /home/targino/desenvolvimento/rails/petshop/petshop/vendor/rails/activerecord/lib/active_record/connection_adapters/abstract/connection_specification.rb:115:in `connection'
    /home/targino/desenvolvimento/rails/petshop/petshop/vendor/rails/activerecord/lib/active_record/query_cache.rb:9:in `cache'
    /home/targino/desenvolvimento/rails/petshop/petshop/vendor/rails/activerecord/lib/active_record/query_cache.rb:28:in `call'
    /home/targino/desenvolvimento/rails/petshop/petshop/vendor/rails/activerecord/lib/active_record/connection_adapters/abstract/connection_pool.rb:361:in `call'
    /home/targino/.gem/ruby/1.8/gems/rack-1.0.1/lib/rack/head.rb:9:in `call'
    /home/targino/.gem/ruby/1.8/gems/rack-1.0.1/lib/rack/methodoverride.rb:24:in `call'
    /home/targino/desenvolvimento/rails/petshop/petshop/vendor/rails/actionpack/lib/action_controller/params_parser.rb:15:in `call'
    /home/targino/desenvolvimento/rails/petshop/petshop/vendor/rails/actionpack/lib/action_controller/session/cookie_store.rb:93:in `call'
    /home/targino/desenvolvimento/rails/petshop/petshop/vendor/rails/actionpack/lib/action_controller/failsafe.rb:26:in `call'
    /home/targino/.gem/ruby/1.8/gems/rack-1.0.1/lib/rack/lock.rb:11:in `call'
    /home/targino/.gem/ruby/1.8/gems/rack-1.0.1/lib/rack/lock.rb:11:in `synchronize'
    /home/targino/.gem/ruby/1.8/gems/rack-1.0.1/lib/rack/lock.rb:11:in `call'
    /home/targino/desenvolvimento/rails/petshop/petshop/vendor/rails/actionpack/lib/action_controller/dispatcher.rb:114:in `call'
    /home/targino/desenvolvimento/rails/petshop/petshop/vendor/rails/actionpack/lib/action_controller/reloader.rb:34:in `run'
    /home/targino/desenvolvimento/rails/petshop/petshop/vendor/rails/actionpack/lib/action_controller/dispatcher.rb:108:in `call'
    /home/targino/desenvolvimento/rails/petshop/petshop/vendor/rails/railties/lib/rails/rack/static.rb:31:in `call'
    /home/targino/.gem/ruby/1.8/gems/rack-1.0.1/lib/rack/urlmap.rb:46:in `call'
    /home/targino/.gem/ruby/1.8/gems/rack-1.0.1/lib/rack/urlmap.rb:40:in `each'
    /home/targino/.gem/ruby/1.8/gems/rack-1.0.1/lib/rack/urlmap.rb:40:in `call'
    /home/targino/desenvolvimento/rails/petshop/petshop/vendor/rails/railties/lib/rails/rack/log_tailer.rb:17:in `call'
    /home/targino/.gem/ruby/1.8/gems/rack-1.0.1/lib/rack/content_length.rb:13:in `call'
    /home/targino/.gem/ruby/1.8/gems/rack-1.0.1/lib/rack/chunked.rb:15:in `call'
    /home/targino/.gem/ruby/1.8/gems/rack-1.0.1/lib/rack/handler/mongrel.rb:64:in `process'
    /usr/lib/ruby/gems/1.8/gems/mongrel-1.1.5/lib/mongrel.rb:159:in `process_client'
    /usr/lib/ruby/gems/1.8/gems/mongrel-1.1.5/lib/mongrel.rb:158:in `each'
    /usr/lib/ruby/gems/1.8/gems/mongrel-1.1.5/lib/mongrel.rb:158:in `process_client'
    /usr/lib/ruby/gems/1.8/gems/mongrel-1.1.5/lib/mongrel.rb:285:in `run'
    /usr/lib/ruby/gems/1.8/gems/mongrel-1.1.5/lib/mongrel.rb:285:in `initialize'
    /usr/lib/ruby/gems/1.8/gems/mongrel-1.1.5/lib/mongrel.rb:285:in `new'
    /usr/lib/ruby/gems/1.8/gems/mongrel-1.1.5/lib/mongrel.rb:285:in `run'
    /usr/lib/ruby/gems/1.8/gems/mongrel-1.1.5/lib/mongrel.rb:268:in `initialize'
    /usr/lib/ruby/gems/1.8/gems/mongrel-1.1.5/lib/mongrel.rb:268:in `new'
    /usr/lib/ruby/gems/1.8/gems/mongrel-1.1.5/lib/mongrel.rb:268:in `run'
    /home/targino/.gem/ruby/1.8/gems/rack-1.0.1/lib/rack/handler/mongrel.rb:34:in `run'
    /home/targino/desenvolvimento/rails/petshop/petshop/vendor/rails/railties/lib/commands/server.rb:111
    /usr/local/lib/site_ruby/1.8/rubygems/custom_require.rb:31:in `gem_original_require'
    /usr/local/lib/site_ruby/1.8/rubygems/custom_require.rb:31:in `require'
    script/server:3
  [4;36;1mSQL (30.4ms)[0m   [0;1mSET NAMES 'utf8'[0m
  [4;35;1mSQL (0.1ms)[0m   [0mSET SQL_AUTO_IS_NULL=0[0m


Processing Rails::InfoController#properties (for 127.0.0.1 at 2010-01-30 01:02:38) [GET]
  [4;36;1mSQL (0.6ms)[0m   [0;1mSHOW TABLES[0m
Completed in 225ms (View: 8, DB: 31) | 200 OK [http://localhost/rails/info/properties]
  [4;35;1mSQL (0.1ms)[0m   [0mSET NAMES 'utf8'[0m
  [4;36;1mSQL (0.1ms)[0m   [0;1mSET SQL_AUTO_IS_NULL=0[0m


Processing HomeController#index (for 127.0.0.1 at 2010-01-30 01:04:12) [GET]
Rendering home/index
Completed in 60ms (View: 57, DB: 0) | 200 OK [http://localhost/]
